  [1m[35m (165.4ms)[0m  [1m[35mCREATE TABLE "schema_migrations" ("version" character varying PRIMARY KEY)[0m
  [1m[35m (356.7ms)[0m  [1m[35mCREATE TABLE "ar_internal_metadata" ("key" character varying PRIMARY KEY, "value" character varying, "created_at" timestamp NOT NULL, "updated_at" timestamp NOT NULL)[0m
  [1m[35m (15.4ms)[0m  [1m[34mSELECT pg_try_advisory_lock(3175992054735479280);[0m
  [1m[36mActiveRecord::SchemaMigration Load (1.0ms)[0m  [1m[34mSELECT "schema_migrations".* FROM "schema_migrations"[0m
Migrating to CreateUsers (20161017202212)
  [1m[35m (0.3ms)[0m  [1m[35mBEGIN[0m
  [1m[35m (155.2ms)[0m  [1m[35mCREATE TABLE "users" ("id" serial primary key, "name" character varying, "code" integer, "created_at" timestamp NOT NULL, "updated_at" timestamp NOT NULL)[0m
  [1m[35mSQL (1.2ms)[0m  [1m[32mINSERT INTO "schema_migrations" ("version") VALUES ($1) RETURNING "version"[0m  [["version", "20161017202212"]]
  [1m[35m (12.3ms)[0m  [1m[35mCOMMIT[0m
  [1m[36mActiveRecord::InternalMetadata Load (0.9ms)[0m  [1m[34mSELECT  "ar_internal_metadata".* FROM "ar_internal_metadata" WHERE "ar_internal_metadata"."key" = $1 LIMIT $2[0m  [["key", :environment], ["LIMIT", 1]]
  [1m[35m (0.3ms)[0m  [1m[35mBEGIN[0m
  [1m[35mSQL (1.0ms)[0m  [1m[32mINSERT INTO "ar_internal_metadata" ("key", "value", "created_at", "updated_at") VALUES ($1, $2, $3, $4) RETURNING "key"[0m  [["key", "environment"], ["value", "development"], ["created_at", 2016-10-17 20:23:07 UTC], ["updated_at", 2016-10-17 20:23:07 UTC]]
  [1m[35m (30.5ms)[0m  [1m[35mCOMMIT[0m
  [1m[35m (0.8ms)[0m  [1m[34mSELECT pg_advisory_unlock(3175992054735479280)[0m
  [1m[36mActiveRecord::SchemaMigration Load (0.4ms)[0m  [1m[34mSELECT "schema_migrations".* FROM "schema_migrations"[0m
  [1m[35m (8.6ms)[0m  [1m[34mSELECT t2.oid::regclass::text AS to_table, a1.attname AS column, a2.attname AS primary_key, c.conname AS name, c.confupdtype AS on_update, c.confdeltype AS on_delete
FROM pg_constraint c
JOIN pg_class t1 ON c.conrelid = t1.oid
JOIN pg_class t2 ON c.confrelid = t2.oid
JOIN pg_attribute a1 ON a1.attnum = c.conkey[1] AND a1.attrelid = t1.oid
JOIN pg_attribute a2 ON a2.attnum = c.confkey[1] AND a2.attrelid = t2.oid
JOIN pg_namespace t3 ON c.connamespace = t3.oid
WHERE c.contype = 'f'
  AND t1.relname = 'users'
  AND t3.nspname = ANY (current_schemas(false))
ORDER BY c.conname
[0m
Started GET "/" for 127.0.0.1 at 2016-10-17 17:23:49 -0300
  [1m[36mActiveRecord::SchemaMigration Load (1.0ms)[0m  [1m[34mSELECT "schema_migrations".* FROM "schema_migrations"[0m
Processing by UsersController#index as HTML
  Rendering users/index.html.erb within layouts/application
  [1m[36mUser Load (1.3ms)[0m  [1m[34mSELECT "users".* FROM "users"[0m
  Rendered users/index.html.erb within layouts/application (30.7ms)
Completed 200 OK in 3749ms (Views: 3691.3ms | ActiveRecord: 5.1ms)


Started GET "/" for 127.0.0.1 at 2016-10-17 17:31:53 -0300
  [1m[36mActiveRecord::SchemaMigration Load (1.1ms)[0m  [1m[34mSELECT "schema_migrations".* FROM "schema_migrations"[0m
Processing by UsersController#index as HTML
Completed 500 Internal Server Error in 27ms (ActiveRecord: 0.0ms)


  
URI::InvalidURIError (bad URI(is not URI?):  http://api.randomuser.me):
  
app/controllers/users_controller.rb:9:in `index'
  Rendering /home/junior/.rvm/gems/ruby-2.2.2/gems/actionpack-5.0.0.1/lib/action_dispatch/middleware/templates/rescues/diagnostics.html.erb within rescues/layout
  Rendering /home/junior/.rvm/gems/ruby-2.2.2/gems/actionpack-5.0.0.1/lib/action_dispatch/middleware/templates/rescues/_source.html.erb
  Rendered /home/junior/.rvm/gems/ruby-2.2.2/gems/actionpack-5.0.0.1/lib/action_dispatch/middleware/templates/rescues/_source.html.erb (27.7ms)
  Rendering /home/junior/.rvm/gems/ruby-2.2.2/gems/actionpack-5.0.0.1/lib/action_dispatch/middleware/templates/rescues/_trace.html.erb
  Rendered /home/junior/.rvm/gems/ruby-2.2.2/gems/actionpack-5.0.0.1/lib/action_dispatch/middleware/templates/rescues/_trace.html.erb (10.0ms)
  Rendering /home/junior/.rvm/gems/ruby-2.2.2/gems/actionpack-5.0.0.1/lib/action_dispatch/middleware/templates/rescues/_request_and_response.html.erb
  Rendered /home/junior/.rvm/gems/ruby-2.2.2/gems/actionpack-5.0.0.1/lib/action_dispatch/middleware/templates/rescues/_request_and_response.html.erb (2.7ms)
  Rendered /home/junior/.rvm/gems/ruby-2.2.2/gems/actionpack-5.0.0.1/lib/action_dispatch/middleware/templates/rescues/diagnostics.html.erb within rescues/layout (114.8ms)
  [1m[36mActiveRecord::SchemaMigration Load (1.1ms)[0m  [1m[34mSELECT "schema_migrations".* FROM "schema_migrations"[0m
  [1m[36mActiveRecord::SchemaMigration Load (1.0ms)[0m  [1m[34mSELECT "schema_migrations".* FROM "schema_migrations"[0m
  [1m[36mActiveRecord::SchemaMigration Load (1.0ms)[0m  [1m[34mSELECT "schema_migrations".* FROM "schema_migrations"[0m
  [1m[36mActiveRecord::SchemaMigration Load (0.9ms)[0m  [1m[34mSELECT "schema_migrations".* FROM "schema_migrations"[0m
  [1m[36mActiveRecord::SchemaMigration Load (1.0ms)[0m  [1m[34mSELECT "schema_migrations".* FROM "schema_migrations"[0m
  [1m[36mActiveRecord::SchemaMigration Load (1.0ms)[0m  [1m[34mSELECT "schema_migrations".* FROM "schema_migrations"[0m
  [1m[36mActiveRecord::SchemaMigration Load (1.0ms)[0m  [1m[34mSELECT "schema_migrations".* FROM "schema_migrations"[0m
  [1m[36mActiveRecord::SchemaMigration Load (1.1ms)[0m  [1m[34mSELECT "schema_migrations".* FROM "schema_migrations"[0m
  [1m[36mActiveRecord::SchemaMigration Load (1.0ms)[0m  [1m[34mSELECT "schema_migrations".* FROM "schema_migrations"[0m
  [1m[36mActiveRecord::SchemaMigration Load (1.0ms)[0m  [1m[34mSELECT "schema_migrations".* FROM "schema_migrations"[0m
  [1m[36mActiveRecord::SchemaMigration Load (1.0ms)[0m  [1m[34mSELECT "schema_migrations".* FROM "schema_migrations"[0m
  [1m[35m (0.3ms)[0m  [1m[35mBEGIN[0m
  [1m[35mSQL (22.2ms)[0m  [1m[32mINSERT INTO "users" ("name", "code", "created_at", "updated_at") VALUES ($1, $2, $3, $4) RETURNING "id"[0m  [["name", "milan"], ["code", 2435], ["created_at", 2016-10-17 20:50:33 UTC], ["updated_at", 2016-10-17 20:50:33 UTC]]
  [1m[35m (20.4ms)[0m  [1m[35mCOMMIT[0m
  [1m[35m (0.4ms)[0m  [1m[35mBEGIN[0m
  [1m[35mSQL (1.1ms)[0m  [1m[32mINSERT INTO "users" ("name", "code", "created_at", "updated_at") VALUES ($1, $2, $3, $4) RETURNING "id"[0m  [["name", "thibault"], ["code", 3334], ["created_at", 2016-10-17 20:50:33 UTC], ["updated_at", 2016-10-17 20:50:33 UTC]]
  [1m[35m (15.8ms)[0m  [1m[35mCOMMIT[0m
  [1m[35m (0.4ms)[0m  [1m[35mBEGIN[0m
  [1m[35mSQL (1.1ms)[0m  [1m[32mINSERT INTO "users" ("name", "code", "created_at", "updated_at") VALUES ($1, $2, $3, $4) RETURNING "id"[0m  [["name", "ed"], ["code", 5118], ["created_at", 2016-10-17 20:50:34 UTC], ["updated_at", 2016-10-17 20:50:34 UTC]]
  [1m[35m (21.7ms)[0m  [1m[35mCOMMIT[0m
  [1m[35m (0.4ms)[0m  [1m[35mBEGIN[0m
  [1m[35mSQL (1.1ms)[0m  [1m[32mINSERT INTO "users" ("name", "code", "created_at", "updated_at") VALUES ($1, $2, $3, $4) RETURNING "id"[0m  [["name", "aren"], ["code", 4165], ["created_at", 2016-10-17 20:50:35 UTC], ["updated_at", 2016-10-17 20:50:35 UTC]]
  [1m[35m (14.3ms)[0m  [1m[35mCOMMIT[0m
  [1m[35m (0.4ms)[0m  [1m[35mBEGIN[0m
  [1m[35mSQL (1.1ms)[0m  [1m[32mINSERT INTO "users" ("name", "code", "created_at", "updated_at") VALUES ($1, $2, $3, $4) RETURNING "id"[0m  [["name", "joona"], ["code", 4519], ["created_at", 2016-10-17 20:50:36 UTC], ["updated_at", 2016-10-17 20:50:36 UTC]]
  [1m[35m (23.7ms)[0m  [1m[35mCOMMIT[0m
  [1m[35m (0.4ms)[0m  [1m[35mBEGIN[0m
  [1m[35mSQL (1.1ms)[0m  [1m[32mINSERT INTO "users" ("name", "code", "created_at", "updated_at") VALUES ($1, $2, $3, $4) RETURNING "id"[0m  [["name", "ruby"], ["code", 5666], ["created_at", 2016-10-17 20:50:36 UTC], ["updated_at", 2016-10-17 20:50:36 UTC]]
  [1m[35m (15.2ms)[0m  [1m[35mCOMMIT[0m
  [1m[35m (0.4ms)[0m  [1m[35mBEGIN[0m
  [1m[35mSQL (1.1ms)[0m  [1m[32mINSERT INTO "users" ("name", "code", "created_at", "updated_at") VALUES ($1, $2, $3, $4) RETURNING "id"[0m  [["name", "oscar"], ["code", 715], ["created_at", 2016-10-17 20:50:42 UTC], ["updated_at", 2016-10-17 20:50:42 UTC]]
  [1m[35m (21.1ms)[0m  [1m[35mCOMMIT[0m
  [1m[35m (0.4ms)[0m  [1m[35mBEGIN[0m
  [1m[35mSQL (1.1ms)[0m  [1m[32mINSERT INTO "users" ("name", "code", "created_at", "updated_at") VALUES ($1, $2, $3, $4) RETURNING "id"[0m  [["name", "tara"], ["code", 5070], ["created_at", 2016-10-17 20:50:42 UTC], ["updated_at", 2016-10-17 20:50:42 UTC]]
  [1m[35m (16.9ms)[0m  [1m[35mCOMMIT[0m
  [1m[35m (0.4ms)[0m  [1m[35mBEGIN[0m
  [1m[35mSQL (1.2ms)[0m  [1m[32mINSERT INTO "users" ("name", "code", "created_at", "updated_at") VALUES ($1, $2, $3, $4) RETURNING "id"[0m  [["name", "lorenzo"], ["code", 4742], ["created_at", 2016-10-17 20:50:43 UTC], ["updated_at", 2016-10-17 20:50:43 UTC]]
  [1m[35m (15.4ms)[0m  [1m[35mCOMMIT[0m
  [1m[35m (0.4ms)[0m  [1m[35mBEGIN[0m
  [1m[35mSQL (1.1ms)[0m  [1m[32mINSERT INTO "users" ("name", "code", "created_at", "updated_at") VALUES ($1, $2, $3, $4) RETURNING "id"[0m  [["name", "ceylan"], ["code", 4636], ["created_at", 2016-10-17 20:50:43 UTC], ["updated_at", 2016-10-17 20:50:43 UTC]]
  [1m[35m (19.8ms)[0m  [1m[35mCOMMIT[0m
  [1m[36mActiveRecord::SchemaMigration Load (1.0ms)[0m  [1m[34mSELECT "schema_migrations".* FROM "schema_migrations"[0m
  [1m[35m (0.4ms)[0m  [1m[35mBEGIN[0m
  [1m[35mSQL (1.1ms)[0m  [1m[32mINSERT INTO "users" ("name", "code", "created_at", "updated_at") VALUES ($1, $2, $3, $4) RETURNING "id"[0m  [["name", "antoine"], ["code", 5255], ["created_at", 2016-10-17 20:51:11 UTC], ["updated_at", 2016-10-17 20:51:11 UTC]]
  [1m[35m (18.1ms)[0m  [1m[35mCOMMIT[0m
  [1m[35m (0.5ms)[0m  [1m[35mBEGIN[0m
  [1m[35mSQL (1.1ms)[0m  [1m[32mINSERT INTO "users" ("name", "code", "created_at", "updated_at") VALUES ($1, $2, $3, $4) RETURNING "id"[0m  [["name", "mason"], ["code", 1943], ["created_at", 2016-10-17 20:51:11 UTC], ["updated_at", 2016-10-17 20:51:11 UTC]]
  [1m[35m (18.2ms)[0m  [1m[35mCOMMIT[0m
  [1m[35m (0.3ms)[0m  [1m[35mBEGIN[0m
  [1m[35mSQL (0.9ms)[0m  [1m[32mINSERT INTO "users" ("name", "code", "created_at", "updated_at") VALUES ($1, $2, $3, $4) RETURNING "id"[0m  [["name", "tammy"], ["code", 3507], ["created_at", 2016-10-17 20:51:12 UTC], ["updated_at", 2016-10-17 20:51:12 UTC]]
  [1m[35m (20.5ms)[0m  [1m[35mCOMMIT[0m
  [1m[35m (0.3ms)[0m  [1m[35mBEGIN[0m
  [1m[35mSQL (0.9ms)[0m  [1m[32mINSERT INTO "users" ("name", "code", "created_at", "updated_at") VALUES ($1, $2, $3, $4) RETURNING "id"[0m  [["name", "lisa"], ["code", 143], ["created_at", 2016-10-17 20:51:12 UTC], ["updated_at", 2016-10-17 20:51:12 UTC]]
  [1m[35m (22.5ms)[0m  [1m[35mCOMMIT[0m
  [1m[35m (0.4ms)[0m  [1m[35mBEGIN[0m
  [1m[35mSQL (1.2ms)[0m  [1m[32mINSERT INTO "users" ("name", "code", "created_at", "updated_at") VALUES ($1, $2, $3, $4) RETURNING "id"[0m  [["name", "xavier"], ["code", 3340], ["created_at", 2016-10-17 20:51:13 UTC], ["updated_at", 2016-10-17 20:51:13 UTC]]
  [1m[35m (16.3ms)[0m  [1m[35mCOMMIT[0m
  [1m[35m (0.4ms)[0m  [1m[35mBEGIN[0m
  [1m[35mSQL (1.1ms)[0m  [1m[32mINSERT INTO "users" ("name", "code", "created_at", "updated_at") VALUES ($1, $2, $3, $4) RETURNING "id"[0m  [["name", "clara"], ["code", 4464], ["created_at", 2016-10-17 20:51:14 UTC], ["updated_at", 2016-10-17 20:51:14 UTC]]
  [1m[35m (31.3ms)[0m  [1m[35mCOMMIT[0m
  [1m[35m (0.4ms)[0m  [1m[35mBEGIN[0m
  [1m[35mSQL (1.1ms)[0m  [1m[32mINSERT INTO "users" ("name", "code", "created_at", "updated_at") VALUES ($1, $2, $3, $4) RETURNING "id"[0m  [["name", "daphné"], ["code", 1978], ["created_at", 2016-10-17 20:51:14 UTC], ["updated_at", 2016-10-17 20:51:14 UTC]]
  [1m[35m (26.1ms)[0m  [1m[35mCOMMIT[0m
  [1m[35m (0.4ms)[0m  [1m[35mBEGIN[0m
  [1m[35mSQL (1.1ms)[0m  [1m[32mINSERT INTO "users" ("name", "code", "created_at", "updated_at") VALUES ($1, $2, $3, $4) RETURNING "id"[0m  [["name", "owen"], ["code", 4918], ["created_at", 2016-10-17 20:51:15 UTC], ["updated_at", 2016-10-17 20:51:15 UTC]]
  [1m[35m (17.6ms)[0m  [1m[35mCOMMIT[0m
  [1m[35m (0.5ms)[0m  [1m[35mBEGIN[0m
  [1m[35mSQL (1.1ms)[0m  [1m[32mINSERT INTO "users" ("name", "code", "created_at", "updated_at") VALUES ($1, $2, $3, $4) RETURNING "id"[0m  [["name", "silvane"], ["code", 3244], ["created_at", 2016-10-17 20:51:16 UTC], ["updated_at", 2016-10-17 20:51:16 UTC]]
  [1m[35m (21.3ms)[0m  [1m[35mCOMMIT[0m
  [1m[35m (0.4ms)[0m  [1m[35mBEGIN[0m
  [1m[35mSQL (1.1ms)[0m  [1m[32mINSERT INTO "users" ("name", "code", "created_at", "updated_at") VALUES ($1, $2, $3, $4) RETURNING "id"[0m  [["name", "laura"], ["code", 693], ["created_at", 2016-10-17 20:51:16 UTC], ["updated_at", 2016-10-17 20:51:16 UTC]]
  [1m[35m (20.2ms)[0m  [1m[35mCOMMIT[0m
  [1m[35m (0.4ms)[0m  [1m[35mBEGIN[0m
  [1m[35mSQL (1.1ms)[0m  [1m[32mINSERT INTO "users" ("name", "code", "created_at", "updated_at") VALUES ($1, $2, $3, $4) RETURNING "id"[0m  [["name", "pihla"], ["code", 787], ["created_at", 2016-10-17 20:51:17 UTC], ["updated_at", 2016-10-17 20:51:17 UTC]]
  [1m[35m (18.6ms)[0m  [1m[35mCOMMIT[0m
  [1m[35m (0.4ms)[0m  [1m[35mBEGIN[0m
  [1m[35mSQL (1.1ms)[0m  [1m[32mINSERT INTO "users" ("name", "code", "created_at", "updated_at") VALUES ($1, $2, $3, $4) RETURNING "id"[0m  [["name", "zoé"], ["code", 719], ["created_at", 2016-10-17 20:51:18 UTC], ["updated_at", 2016-10-17 20:51:18 UTC]]
  [1m[35m (25.4ms)[0m  [1m[35mCOMMIT[0m
  [1m[35m (0.4ms)[0m  [1m[35mBEGIN[0m
  [1m[35mSQL (0.9ms)[0m  [1m[32mINSERT INTO "users" ("name", "code", "created_at", "updated_at") VALUES ($1, $2, $3, $4) RETURNING "id"[0m  [["name", "oya"], ["code", 5840], ["created_at", 2016-10-17 20:51:18 UTC], ["updated_at", 2016-10-17 20:51:18 UTC]]
  [1m[35m (20.9ms)[0m  [1m[35mCOMMIT[0m
  [1m[35m (0.4ms)[0m  [1m[35mBEGIN[0m
  [1m[35mSQL (1.2ms)[0m  [1m[32mINSERT INTO "users" ("name", "code", "created_at", "updated_at") VALUES ($1, $2, $3, $4) RETURNING "id"[0m  [["name", "پوریا"], ["code", 4937], ["created_at", 2016-10-17 20:51:19 UTC], ["updated_at", 2016-10-17 20:51:19 UTC]]
  [1m[35m (18.6ms)[0m  [1m[35mCOMMIT[0m
  [1m[35m (0.4ms)[0m  [1m[35mBEGIN[0m
  [1m[35mSQL (1.2ms)[0m  [1m[32mINSERT INTO "users" ("name", "code", "created_at", "updated_at") VALUES ($1, $2, $3, $4) RETURNING "id"[0m  [["name", "túlio"], ["code", 4193], ["created_at", 2016-10-17 20:51:20 UTC], ["updated_at", 2016-10-17 20:51:20 UTC]]
  [1m[35m (277.6ms)[0m  [1m[35mCOMMIT[0m
  [1m[35m (0.4ms)[0m  [1m[35mBEGIN[0m
  [1m[35mSQL (1.2ms)[0m  [1m[32mINSERT INTO "users" ("name", "code", "created_at", "updated_at") VALUES ($1, $2, $3, $4) RETURNING "id"[0m  [["name", "زهرا"], ["code", 2720], ["created_at", 2016-10-17 20:51:21 UTC], ["updated_at", 2016-10-17 20:51:21 UTC]]
  [1m[35m (23.9ms)[0m  [1m[35mCOMMIT[0m
  [1m[35m (0.5ms)[0m  [1m[35mBEGIN[0m
  [1m[35mSQL (1.2ms)[0m  [1m[32mINSERT INTO "users" ("name", "code", "created_at", "updated_at") VALUES ($1, $2, $3, $4) RETURNING "id"[0m  [["name", "mandy"], ["code", 2254], ["created_at", 2016-10-17 20:51:22 UTC], ["updated_at", 2016-10-17 20:51:22 UTC]]
  [1m[35m (21.0ms)[0m  [1m[35mCOMMIT[0m
  [1m[35m (0.5ms)[0m  [1m[35mBEGIN[0m
  [1m[35mSQL (1.1ms)[0m  [1m[32mINSERT INTO "users" ("name", "code", "created_at", "updated_at") VALUES ($1, $2, $3, $4) RETURNING "id"[0m  [["name", "مهدي"], ["code", 2143], ["created_at", 2016-10-17 20:51:22 UTC], ["updated_at", 2016-10-17 20:51:22 UTC]]
  [1m[35m (23.4ms)[0m  [1m[35mCOMMIT[0m
  [1m[35m (0.4ms)[0m  [1m[35mBEGIN[0m
  [1m[35mSQL (0.7ms)[0m  [1m[32mINSERT INTO "users" ("name", "code", "created_at", "updated_at") VALUES ($1, $2, $3, $4) RETURNING "id"[0m  [["name", "allie"], ["code", 5490], ["created_at", 2016-10-17 20:51:23 UTC], ["updated_at", 2016-10-17 20:51:23 UTC]]
  [1m[35m (20.7ms)[0m  [1m[35mCOMMIT[0m
  [1m[35m (0.4ms)[0m  [1m[35mBEGIN[0m
  [1m[35mSQL (1.2ms)[0m  [1m[32mINSERT INTO "users" ("name", "code", "created_at", "updated_at") VALUES ($1, $2, $3, $4) RETURNING "id"[0m  [["name", "sofia"], ["code", 757], ["created_at", 2016-10-17 20:51:24 UTC], ["updated_at", 2016-10-17 20:51:24 UTC]]
  [1m[35m (18.9ms)[0m  [1m[35mCOMMIT[0m
  [1m[35m (0.5ms)[0m  [1m[35mBEGIN[0m
  [1m[35mSQL (1.1ms)[0m  [1m[32mINSERT INTO "users" ("name", "code", "created_at", "updated_at") VALUES ($1, $2, $3, $4) RETURNING "id"[0m  [["name", "رهام"], ["code", 3215], ["created_at", 2016-10-17 20:51:25 UTC], ["updated_at", 2016-10-17 20:51:25 UTC]]
  [1m[35m (25.7ms)[0m  [1m[35mCOMMIT[0m
  [1m[35m (0.3ms)[0m  [1m[35mBEGIN[0m
  [1m[35mSQL (0.9ms)[0m  [1m[32mINSERT INTO "users" ("name", "code", "created_at", "updated_at") VALUES ($1, $2, $3, $4) RETURNING "id"[0m  [["name", "lobna"], ["code", 5469], ["created_at", 2016-10-17 20:51:25 UTC], ["updated_at", 2016-10-17 20:51:25 UTC]]
  [1m[35m (52.9ms)[0m  [1m[35mCOMMIT[0m
  [1m[35m (0.4ms)[0m  [1m[35mBEGIN[0m
  [1m[35mSQL (1.3ms)[0m  [1m[32mINSERT INTO "users" ("name", "code", "created_at", "updated_at") VALUES ($1, $2, $3, $4) RETURNING "id"[0m  [["name", "patricia"], ["code", 4907], ["created_at", 2016-10-17 20:51:26 UTC], ["updated_at", 2016-10-17 20:51:26 UTC]]
  [1m[35m (16.8ms)[0m  [1m[35mCOMMIT[0m
  [1m[35m (0.3ms)[0m  [1m[35mBEGIN[0m
  [1m[35mSQL (0.7ms)[0m  [1m[32mINSERT INTO "users" ("name", "code", "created_at", "updated_at") VALUES ($1, $2, $3, $4) RETURNING "id"[0m  [["name", "sean"], ["code", 3958], ["created_at", 2016-10-17 20:51:26 UTC], ["updated_at", 2016-10-17 20:51:26 UTC]]
  [1m[35m (18.4ms)[0m  [1m[35mCOMMIT[0m
  [1m[35m (0.4ms)[0m  [1m[35mBEGIN[0m
  [1m[35mSQL (1.1ms)[0m  [1m[32mINSERT INTO "users" ("name", "code", "created_at", "updated_at") VALUES ($1, $2, $3, $4) RETURNING "id"[0m  [["name", "julien"], ["code", 3123], ["created_at", 2016-10-17 20:51:27 UTC], ["updated_at", 2016-10-17 20:51:27 UTC]]
  [1m[35m (25.0ms)[0m  [1m[35mCOMMIT[0m
  [1m[35m (0.4ms)[0m  [1m[35mBEGIN[0m
  [1m[35mSQL (1.1ms)[0m  [1m[32mINSERT INTO "users" ("name", "code", "created_at", "updated_at") VALUES ($1, $2, $3, $4) RETURNING "id"[0m  [["name", "albert"], ["code", 1696], ["created_at", 2016-10-17 20:51:27 UTC], ["updated_at", 2016-10-17 20:51:27 UTC]]
  [1m[35m (22.4ms)[0m  [1m[35mCOMMIT[0m
  [1m[35m (0.3ms)[0m  [1m[35mBEGIN[0m
  [1m[35mSQL (0.9ms)[0m  [1m[32mINSERT INTO "users" ("name", "code", "created_at", "updated_at") VALUES ($1, $2, $3, $4) RETURNING "id"[0m  [["name", "apolline"], ["code", 941], ["created_at", 2016-10-17 20:51:28 UTC], ["updated_at", 2016-10-17 20:51:28 UTC]]
  [1m[35m (17.8ms)[0m  [1m[35mCOMMIT[0m
  [1m[35m (0.4ms)[0m  [1m[35mBEGIN[0m
  [1m[35mSQL (1.2ms)[0m  [1m[32mINSERT INTO "users" ("name", "code", "created_at", "updated_at") VALUES ($1, $2, $3, $4) RETURNING "id"[0m  [["name", "brooklyn"], ["code", 3005], ["created_at", 2016-10-17 20:51:29 UTC], ["updated_at", 2016-10-17 20:51:29 UTC]]
  [1m[35m (25.2ms)[0m  [1m[35mCOMMIT[0m
  [1m[35m (0.4ms)[0m  [1m[35mBEGIN[0m
  [1m[35mSQL (1.1ms)[0m  [1m[32mINSERT INTO "users" ("name", "code", "created_at", "updated_at") VALUES ($1, $2, $3, $4) RETURNING "id"[0m  [["name", "derrick"], ["code", 5179], ["created_at", 2016-10-17 20:51:29 UTC], ["updated_at", 2016-10-17 20:51:29 UTC]]
  [1m[35m (16.3ms)[0m  [1m[35mCOMMIT[0m
  [1m[35m (0.4ms)[0m  [1m[35mBEGIN[0m
  [1m[35mSQL (1.0ms)[0m  [1m[32mINSERT INTO "users" ("name", "code", "created_at", "updated_at") VALUES ($1, $2, $3, $4) RETURNING "id"[0m  [["name", "jayden"], ["code", 4992], ["created_at", 2016-10-17 20:51:30 UTC], ["updated_at", 2016-10-17 20:51:30 UTC]]
  [1m[35m (22.5ms)[0m  [1m[35mCOMMIT[0m
  [1m[35m (0.4ms)[0m  [1m[35mBEGIN[0m
  [1m[35mSQL (1.1ms)[0m  [1m[32mINSERT INTO "users" ("name", "code", "created_at", "updated_at") VALUES ($1, $2, $3, $4) RETURNING "id"[0m  [["name", "katie"], ["code", 5701], ["created_at", 2016-10-17 20:51:30 UTC], ["updated_at", 2016-10-17 20:51:30 UTC]]
  [1m[35m (273.7ms)[0m  [1m[35mCOMMIT[0m
  [1m[35m (0.4ms)[0m  [1m[35mBEGIN[0m
  [1m[35mSQL (1.1ms)[0m  [1m[32mINSERT INTO "users" ("name", "code", "created_at", "updated_at") VALUES ($1, $2, $3, $4) RETURNING "id"[0m  [["name", "eli"], ["code", 4372], ["created_at", 2016-10-17 20:51:31 UTC], ["updated_at", 2016-10-17 20:51:31 UTC]]
  [1m[35m (18.3ms)[0m  [1m[35mCOMMIT[0m
  [1m[35m (0.4ms)[0m  [1m[35mBEGIN[0m
  [1m[35mSQL (1.1ms)[0m  [1m[32mINSERT INTO "users" ("name", "code", "created_at", "updated_at") VALUES ($1, $2, $3, $4) RETURNING "id"[0m  [["name", "آرش"], ["code", 2300], ["created_at", 2016-10-17 20:51:32 UTC], ["updated_at", 2016-10-17 20:51:32 UTC]]
  [1m[35m (18.2ms)[0m  [1m[35mCOMMIT[0m
  [1m[35m (0.4ms)[0m  [1m[35mBEGIN[0m
  [1m[35mSQL (1.2ms)[0m  [1m[32mINSERT INTO "users" ("name", "code", "created_at", "updated_at") VALUES ($1, $2, $3, $4) RETURNING "id"[0m  [["name", "candice"], ["code", 4614], ["created_at", 2016-10-17 20:51:32 UTC], ["updated_at", 2016-10-17 20:51:32 UTC]]
  [1m[35m (15.6ms)[0m  [1m[35mCOMMIT[0m
  [1m[35m (0.5ms)[0m  [1m[35mBEGIN[0m
  [1m[35mSQL (1.1ms)[0m  [1m[32mINSERT INTO "users" ("name", "code", "created_at", "updated_at") VALUES ($1, $2, $3, $4) RETURNING "id"[0m  [["name", "daniel"], ["code", 5948], ["created_at", 2016-10-17 20:51:33 UTC], ["updated_at", 2016-10-17 20:51:33 UTC]]
  [1m[35m (23.4ms)[0m  [1m[35mCOMMIT[0m
  [1m[35m (0.4ms)[0m  [1m[35mBEGIN[0m
  [1m[35mSQL (1.1ms)[0m  [1m[32mINSERT INTO "users" ("name", "code", "created_at", "updated_at") VALUES ($1, $2, $3, $4) RETURNING "id"[0m  [["name", "ernesto"], ["code", 595], ["created_at", 2016-10-17 20:51:33 UTC], ["updated_at", 2016-10-17 20:51:33 UTC]]
  [1m[35m (16.6ms)[0m  [1m[35mCOMMIT[0m
  [1m[35m (0.4ms)[0m  [1m[35mBEGIN[0m
  [1m[35mSQL (1.1ms)[0m  [1m[32mINSERT INTO "users" ("name", "code", "created_at", "updated_at") VALUES ($1, $2, $3, $4) RETURNING "id"[0m  [["name", "ilaine"], ["code", 2363], ["created_at", 2016-10-17 20:51:34 UTC], ["updated_at", 2016-10-17 20:51:34 UTC]]
  [1m[35m (20.0ms)[0m  [1m[35mCOMMIT[0m
  [1m[35m (0.4ms)[0m  [1m[35mBEGIN[0m
  [1m[35mSQL (1.1ms)[0m  [1m[32mINSERT INTO "users" ("name", "code", "created_at", "updated_at") VALUES ($1, $2, $3, $4) RETURNING "id"[0m  [["name", "sara"], ["code", 1449], ["created_at", 2016-10-17 20:51:35 UTC], ["updated_at", 2016-10-17 20:51:35 UTC]]
  [1m[35m (20.6ms)[0m  [1m[35mCOMMIT[0m
  [1m[35m (0.4ms)[0m  [1m[35mBEGIN[0m
  [1m[35mSQL (1.2ms)[0m  [1m[32mINSERT INTO "users" ("name", "code", "created_at", "updated_at") VALUES ($1, $2, $3, $4) RETURNING "id"[0m  [["name", "afet"], ["code", 3350], ["created_at", 2016-10-17 20:51:35 UTC], ["updated_at", 2016-10-17 20:51:35 UTC]]
  [1m[35m (13.5ms)[0m  [1m[35mCOMMIT[0m
  [1m[35m (0.4ms)[0m  [1m[35mBEGIN[0m
  [1m[35mSQL (1.1ms)[0m  [1m[32mINSERT INTO "users" ("name", "code", "created_at", "updated_at") VALUES ($1, $2, $3, $4) RETURNING "id"[0m  [["name", "elli"], ["code", 198], ["created_at", 2016-10-17 20:51:36 UTC], ["updated_at", 2016-10-17 20:51:36 UTC]]
  [1m[35m (15.9ms)[0m  [1m[35mCOMMIT[0m
  [1m[35m (0.5ms)[0m  [1m[35mBEGIN[0m
  [1m[35mSQL (1.1ms)[0m  [1m[32mINSERT INTO "users" ("name", "code", "created_at", "updated_at") VALUES ($1, $2, $3, $4) RETURNING "id"[0m  [["name", "kurt"], ["code", 5062], ["created_at", 2016-10-17 20:51:37 UTC], ["updated_at", 2016-10-17 20:51:37 UTC]]
  [1m[35m (20.6ms)[0m  [1m[35mCOMMIT[0m
  [1m[36mUser Load (1.6ms)[0m  [1m[34mSELECT "users".* FROM "users"[0m
  [1m[36mActiveRecord::SchemaMigration Load (1.0ms)[0m  [1m[34mSELECT "schema_migrations".* FROM "schema_migrations"[0m
  [1m[35m (0.3ms)[0m  [1m[35mBEGIN[0m
  [1m[35mSQL (1.2ms)[0m  [1m[32mINSERT INTO "users" ("name", "code", "created_at", "updated_at") VALUES ($1, $2, $3, $4) RETURNING "id"[0m  [["name", "santiago"], ["code", 122], ["created_at", 2016-10-17 20:53:50 UTC], ["updated_at", 2016-10-17 20:53:50 UTC]]
  [1m[35m (281.0ms)[0m  [1m[35mCOMMIT[0m
  [1m[35m (0.3ms)[0m  [1m[35mBEGIN[0m
  [1m[35mSQL (1.1ms)[0m  [1m[32mINSERT INTO "users" ("name", "code", "created_at", "updated_at") VALUES ($1, $2, $3, $4) RETURNING "id"[0m  [["name", "procópio"], ["code", 2081], ["created_at", 2016-10-17 20:53:56 UTC], ["updated_at", 2016-10-17 20:53:56 UTC]]
  [1m[35m (285.3ms)[0m  [1m[35mCOMMIT[0m
  [1m[35m (0.2ms)[0m  [1m[35mBEGIN[0m
  [1m[35mSQL (0.7ms)[0m  [1m[32mINSERT INTO "users" ("name", "code", "created_at", "updated_at") VALUES ($1, $2, $3, $4) RETURNING "id"[0m  [["name", "sophie"], ["code", 2911], ["created_at", 2016-10-17 20:53:57 UTC], ["updated_at", 2016-10-17 20:53:57 UTC]]
  [1m[35m (20.0ms)[0m  [1m[35mCOMMIT[0m
  [1m[36mActiveRecord::SchemaMigration Load (0.9ms)[0m  [1m[34mSELECT "schema_migrations".* FROM "schema_migrations"[0m
  [1m[35m (0.3ms)[0m  [1m[35mBEGIN[0m
  [1m[35mSQL (1.6ms)[0m  [1m[32mINSERT INTO "users" ("name", "code", "created_at", "updated_at") VALUES ($1, $2, $3, $4) RETURNING "id"[0m  [["name", "ellen"], ["code", 2850], ["created_at", 2016-10-17 20:55:44 UTC], ["updated_at", 2016-10-17 20:55:44 UTC]]
  [1m[35m (19.8ms)[0m  [1m[35mCOMMIT[0m
  [1m[35m (0.4ms)[0m  [1m[35mBEGIN[0m
  [1m[35mSQL (1.1ms)[0m  [1m[32mINSERT INTO "users" ("name", "code", "created_at", "updated_at") VALUES ($1, $2, $3, $4) RETURNING "id"[0m  [["name", "سام"], ["code", 1427], ["created_at", 2016-10-17 20:55:44 UTC], ["updated_at", 2016-10-17 20:55:44 UTC]]
  [1m[35m (20.6ms)[0m  [1m[35mCOMMIT[0m
  [1m[35m (0.3ms)[0m  [1m[35mBEGIN[0m
  [1m[35mSQL (0.7ms)[0m  [1m[32mINSERT INTO "users" ("name", "code", "created_at", "updated_at") VALUES ($1, $2, $3, $4) RETURNING "id"[0m  [["name", "vancléia"], ["code", 2554], ["created_at", 2016-10-17 20:55:46 UTC], ["updated_at", 2016-10-17 20:55:46 UTC]]
  [1m[35m (19.1ms)[0m  [1m[35mCOMMIT[0m
  [1m[35m (0.4ms)[0m  [1m[35mBEGIN[0m
  [1m[35mSQL (1.1ms)[0m  [1m[32mINSERT INTO "users" ("name", "code", "created_at", "updated_at") VALUES ($1, $2, $3, $4) RETURNING "id"[0m  [["name", "veera"], ["code", 388], ["created_at", 2016-10-17 20:55:46 UTC], ["updated_at", 2016-10-17 20:55:46 UTC]]
  [1m[35m (21.1ms)[0m  [1m[35mCOMMIT[0m
  [1m[35m (0.2ms)[0m  [1m[35mBEGIN[0m
  [1m[35mSQL (0.7ms)[0m  [1m[32mINSERT INTO "users" ("name", "code", "created_at", "updated_at") VALUES ($1, $2, $3, $4) RETURNING "id"[0m  [["name", "rosa"], ["code", 2749], ["created_at", 2016-10-17 20:55:47 UTC], ["updated_at", 2016-10-17 20:55:47 UTC]]
  [1m[35m (19.2ms)[0m  [1m[35mCOMMIT[0m
  [1m[35m (0.4ms)[0m  [1m[35mBEGIN[0m
  [1m[35mSQL (1.1ms)[0m  [1m[32mINSERT INTO "users" ("name", "code", "created_at", "updated_at") VALUES ($1, $2, $3, $4) RETURNING "id"[0m  [["name", "violet"], ["code", 3851], ["created_at", 2016-10-17 20:55:48 UTC], ["updated_at", 2016-10-17 20:55:48 UTC]]
  [1m[35m (23.7ms)[0m  [1m[35mCOMMIT[0m
  [1m[35m (0.4ms)[0m  [1m[35mBEGIN[0m
  [1m[35mSQL (1.2ms)[0m  [1m[32mINSERT INTO "users" ("name", "code", "created_at", "updated_at") VALUES ($1, $2, $3, $4) RETURNING "id"[0m  [["name", "storm"], ["code", 5761], ["created_at", 2016-10-17 20:55:49 UTC], ["updated_at", 2016-10-17 20:55:49 UTC]]
  [1m[35m (21.4ms)[0m  [1m[35mCOMMIT[0m
  [1m[35m (0.4ms)[0m  [1m[35mBEGIN[0m
  [1m[35mSQL (1.1ms)[0m  [1m[32mINSERT INTO "users" ("name", "code", "created_at", "updated_at") VALUES ($1, $2, $3, $4) RETURNING "id"[0m  [["name", "fabien"], ["code", 775], ["created_at", 2016-10-17 20:55:49 UTC], ["updated_at", 2016-10-17 20:55:49 UTC]]
  [1m[35m (17.4ms)[0m  [1m[35mCOMMIT[0m
  [1m[35m (0.4ms)[0m  [1m[35mBEGIN[0m
  [1m[35mSQL (1.1ms)[0m  [1m[32mINSERT INTO "users" ("name", "code", "created_at", "updated_at") VALUES ($1, $2, $3, $4) RETURNING "id"[0m  [["name", "andrea"], ["code", 2853], ["created_at", 2016-10-17 20:55:50 UTC], ["updated_at", 2016-10-17 20:55:50 UTC]]
  [1m[35m (277.5ms)[0m  [1m[35mCOMMIT[0m
  [1m[35m (0.4ms)[0m  [1m[35mBEGIN[0m
  [1m[35mSQL (1.1ms)[0m  [1m[32mINSERT INTO "users" ("name", "code", "created_at", "updated_at") VALUES ($1, $2, $3, $4) RETURNING "id"[0m  [["name", "gonca"], ["code", 3294], ["created_at", 2016-10-17 20:55:51 UTC], ["updated_at", 2016-10-17 20:55:51 UTC]]
  [1m[35m (19.3ms)[0m  [1m[35mCOMMIT[0m
  [1m[35m (0.4ms)[0m  [1m[35mBEGIN[0m
  [1m[35mSQL (1.1ms)[0m  [1m[32mINSERT INTO "users" ("name", "code", "created_at", "updated_at") VALUES ($1, $2, $3, $4) RETURNING "id"[0m  [["name", "کوروش"], ["code", 1961], ["created_at", 2016-10-17 20:55:51 UTC], ["updated_at", 2016-10-17 20:55:51 UTC]]
  [1m[35m (20.8ms)[0m  [1m[35mCOMMIT[0m
  [1m[35m (0.4ms)[0m  [1m[35mBEGIN[0m
  [1m[35mSQL (1.2ms)[0m  [1m[32mINSERT INTO "users" ("name", "code", "created_at", "updated_at") VALUES ($1, $2, $3, $4) RETURNING "id"[0m  [["name", "alfred"], ["code", 649], ["created_at", 2016-10-17 20:55:52 UTC], ["updated_at", 2016-10-17 20:55:52 UTC]]
  [1m[35m (20.1ms)[0m  [1m[35mCOMMIT[0m
  [1m[35m (0.4ms)[0m  [1m[35mBEGIN[0m
  [1m[35mSQL (1.1ms)[0m  [1m[32mINSERT INTO "users" ("name", "code", "created_at", "updated_at") VALUES ($1, $2, $3, $4) RETURNING "id"[0m  [["name", "علی رضا"], ["code", 5750], ["created_at", 2016-10-17 20:55:53 UTC], ["updated_at", 2016-10-17 20:55:53 UTC]]
  [1m[35m (18.2ms)[0m  [1m[35mCOMMIT[0m
  [1m[35m (0.3ms)[0m  [1m[35mBEGIN[0m
  [1m[35mSQL (1.1ms)[0m  [1m[32mINSERT INTO "users" ("name", "code", "created_at", "updated_at") VALUES ($1, $2, $3, $4) RETURNING "id"[0m  [["name", "liam"], ["code", 5368], ["created_at", 2016-10-17 20:55:53 UTC], ["updated_at", 2016-10-17 20:55:53 UTC]]
  [1m[35m (18.8ms)[0m  [1m[35mCOMMIT[0m
  [1m[35m (0.5ms)[0m  [1m[35mBEGIN[0m
  [1m[35mSQL (1.1ms)[0m  [1m[32mINSERT INTO "users" ("name", "code", "created_at", "updated_at") VALUES ($1, $2, $3, $4) RETURNING "id"[0m  [["name", "camille"], ["code", 2691], ["created_at", 2016-10-17 20:55:54 UTC], ["updated_at", 2016-10-17 20:55:54 UTC]]
  [1m[35m (22.6ms)[0m  [1m[35mCOMMIT[0m
  [1m[35m (0.3ms)[0m  [1m[35mBEGIN[0m
  [1m[35mSQL (0.9ms)[0m  [1m[32mINSERT INTO "users" ("name", "code", "created_at", "updated_at") VALUES ($1, $2, $3, $4) RETURNING "id"[0m  [["name", "viljami"], ["code", 3040], ["created_at", 2016-10-17 20:55:54 UTC], ["updated_at", 2016-10-17 20:55:54 UTC]]
  [1m[35m (21.9ms)[0m  [1m[35mCOMMIT[0m
  [1m[35m (0.4ms)[0m  [1m[35mBEGIN[0m
  [1m[35mSQL (1.1ms)[0m  [1m[32mINSERT INTO "users" ("name", "code", "created_at", "updated_at") VALUES ($1, $2, $3, $4) RETURNING "id"[0m  [["name", "luisa"], ["code", 2678], ["created_at", 2016-10-17 20:55:55 UTC], ["updated_at", 2016-10-17 20:55:55 UTC]]
  [1m[35m (265.0ms)[0m  [1m[35mCOMMIT[0m
  [1m[35m (0.4ms)[0m  [1m[35mBEGIN[0m
  [1m[35mSQL (1.3ms)[0m  [1m[32mINSERT INTO "users" ("name", "code", "created_at", "updated_at") VALUES ($1, $2, $3, $4) RETURNING "id"[0m  [["name", "yasir"], ["code", 170], ["created_at", 2016-10-17 20:55:56 UTC], ["updated_at", 2016-10-17 20:55:56 UTC]]
  [1m[35m (20.7ms)[0m  [1m[35mCOMMIT[0m
  [1m[35m (0.4ms)[0m  [1m[35mBEGIN[0m
  [1m[35mSQL (1.1ms)[0m  [1m[32mINSERT INTO "users" ("name", "code", "created_at", "updated_at") VALUES ($1, $2, $3, $4) RETURNING "id"[0m  [["name", "frances"], ["code", 1920], ["created_at", 2016-10-17 20:55:56 UTC], ["updated_at", 2016-10-17 20:55:56 UTC]]
  [1m[35m (22.7ms)[0m  [1m[35mCOMMIT[0m
  [1m[35m (0.4ms)[0m  [1m[35mBEGIN[0m
  [1m[35mSQL (1.1ms)[0m  [1m[32mINSERT INTO "users" ("name", "code", "created_at", "updated_at") VALUES ($1, $2, $3, $4) RETURNING "id"[0m  [["name", "ellie"], ["code", 407], ["created_at", 2016-10-17 20:55:57 UTC], ["updated_at", 2016-10-17 20:55:57 UTC]]
  [1m[35m (21.2ms)[0m  [1m[35mCOMMIT[0m
  [1m[35m (0.4ms)[0m  [1m[35mBEGIN[0m
  [1m[35mSQL (1.2ms)[0m  [1m[32mINSERT INTO "users" ("name", "code", "created_at", "updated_at") VALUES ($1, $2, $3, $4) RETURNING "id"[0m  [["name", "flenn"], ["code", 5523], ["created_at", 2016-10-17 20:55:57 UTC], ["updated_at", 2016-10-17 20:55:57 UTC]]
  [1m[35m (17.8ms)[0m  [1m[35mCOMMIT[0m
  [1m[35m (0.4ms)[0m  [1m[35mBEGIN[0m
  [1m[35mSQL (1.1ms)[0m  [1m[32mINSERT INTO "users" ("name", "code", "created_at", "updated_at") VALUES ($1, $2, $3, $4) RETURNING "id"[0m  [["name", "dylan"], ["code", 577], ["created_at", 2016-10-17 20:55:58 UTC], ["updated_at", 2016-10-17 20:55:58 UTC]]
  [1m[35m (23.4ms)[0m  [1m[35mCOMMIT[0m
  [1m[35m (0.4ms)[0m  [1m[35mBEGIN[0m
  [1m[35mSQL (1.2ms)[0m  [1m[32mINSERT INTO "users" ("name", "code", "created_at", "updated_at") VALUES ($1, $2, $3, $4) RETURNING "id"[0m  [["name", "lorenz"], ["code", 2628], ["created_at", 2016-10-17 20:55:59 UTC], ["updated_at", 2016-10-17 20:55:59 UTC]]
  [1m[35m (14.9ms)[0m  [1m[35mCOMMIT[0m
  [1m[35m (0.4ms)[0m  [1m[35mBEGIN[0m
  [1m[35mSQL (1.1ms)[0m  [1m[32mINSERT INTO "users" ("name", "code", "created_at", "updated_at") VALUES ($1, $2, $3, $4) RETURNING "id"[0m  [["name", "susana"], ["code", 3557], ["created_at", 2016-10-17 20:55:59 UTC], ["updated_at", 2016-10-17 20:55:59 UTC]]
  [1m[35m (23.0ms)[0m  [1m[35mCOMMIT[0m
  [1m[35m (0.4ms)[0m  [1m[35mBEGIN[0m
  [1m[35mSQL (1.2ms)[0m  [1m[32mINSERT INTO "users" ("name", "code", "created_at", "updated_at") VALUES ($1, $2, $3, $4) RETURNING "id"[0m  [["name", "antonio"], ["code", 1488], ["created_at", 2016-10-17 20:56:00 UTC], ["updated_at", 2016-10-17 20:56:00 UTC]]
  [1m[35m (22.6ms)[0m  [1m[35mCOMMIT[0m
  [1m[35m (0.4ms)[0m  [1m[35mBEGIN[0m
  [1m[35mSQL (1.2ms)[0m  [1m[32mINSERT INTO "users" ("name", "code", "created_at", "updated_at") VALUES ($1, $2, $3, $4) RETURNING "id"[0m  [["name", "آرش"], ["code", 164], ["created_at", 2016-10-17 20:56:01 UTC], ["updated_at", 2016-10-17 20:56:01 UTC]]
  [1m[35m (20.3ms)[0m  [1m[35mCOMMIT[0m
  [1m[35m (0.5ms)[0m  [1m[35mBEGIN[0m
  [1m[35mSQL (1.1ms)[0m  [1m[32mINSERT INTO "users" ("name", "code", "created_at", "updated_at") VALUES ($1, $2, $3, $4) RETURNING "id"[0m  [["name", "diane"], ["code", 308], ["created_at", 2016-10-17 20:56:01 UTC], ["updated_at", 2016-10-17 20:56:01 UTC]]
  [1m[35m (25.2ms)[0m  [1m[35mCOMMIT[0m
  [1m[35m (0.3ms)[0m  [1m[35mBEGIN[0m
  [1m[35mSQL (1.0ms)[0m  [1m[32mINSERT INTO "users" ("name", "code", "created_at", "updated_at") VALUES ($1, $2, $3, $4) RETURNING "id"[0m  [["name", "مهراد"], ["code", 4274], ["created_at", 2016-10-17 20:56:02 UTC], ["updated_at", 2016-10-17 20:56:02 UTC]]
  [1m[35m (22.0ms)[0m  [1m[35mCOMMIT[0m
  [1m[35m (0.4ms)[0m  [1m[35mBEGIN[0m
  [1m[35mSQL (1.1ms)[0m  [1m[32mINSERT INTO "users" ("name", "code", "created_at", "updated_at") VALUES ($1, $2, $3, $4) RETURNING "id"[0m  [["name", "brigite"], ["code", 2694], ["created_at", 2016-10-17 20:56:03 UTC], ["updated_at", 2016-10-17 20:56:03 UTC]]
  [1m[35m (18.7ms)[0m  [1m[35mCOMMIT[0m
  [1m[35m (0.3ms)[0m  [1m[35mBEGIN[0m
  [1m[35mSQL (0.9ms)[0m  [1m[32mINSERT INTO "users" ("name", "code", "created_at", "updated_at") VALUES ($1, $2, $3, $4) RETURNING "id"[0m  [["name", "ella"], ["code", 4840], ["created_at", 2016-10-17 20:56:03 UTC], ["updated_at", 2016-10-17 20:56:03 UTC]]
  [1m[35m (21.5ms)[0m  [1m[35mCOMMIT[0m
  [1m[35m (0.4ms)[0m  [1m[35mBEGIN[0m
  [1m[35mSQL (1.2ms)[0m  [1m[32mINSERT INTO "users" ("name", "code", "created_at", "updated_at") VALUES ($1, $2, $3, $4) RETURNING "id"[0m  [["name", "emma"], ["code", 766], ["created_at", 2016-10-17 20:56:04 UTC], ["updated_at", 2016-10-17 20:56:04 UTC]]
  [1m[35m (26.5ms)[0m  [1m[35mCOMMIT[0m
  [1m[35m (0.3ms)[0m  [1m[35mBEGIN[0m
  [1m[35mSQL (0.9ms)[0m  [1m[32mINSERT INTO "users" ("name", "code", "created_at", "updated_at") VALUES ($1, $2, $3, $4) RETURNING "id"[0m  [["name", "gustav"], ["code", 3923], ["created_at", 2016-10-17 20:56:04 UTC], ["updated_at", 2016-10-17 20:56:04 UTC]]
  [1m[35m (17.2ms)[0m  [1m[35mCOMMIT[0m
  [1m[35m (0.4ms)[0m  [1m[35mBEGIN[0m
  [1m[35mSQL (1.1ms)[0m  [1m[32mINSERT INTO "users" ("name", "code", "created_at", "updated_at") VALUES ($1, $2, $3, $4) RETURNING "id"[0m  [["name", "فاطمه"], ["code", 5746], ["created_at", 2016-10-17 20:56:05 UTC], ["updated_at", 2016-10-17 20:56:05 UTC]]
  [1m[35m (17.3ms)[0m  [1m[35mCOMMIT[0m
  [1m[35m (0.4ms)[0m  [1m[35mBEGIN[0m
  [1m[35mSQL (1.1ms)[0m  [1m[32mINSERT INTO "users" ("name", "code", "created_at", "updated_at") VALUES ($1, $2, $3, $4) RETURNING "id"[0m  [["name", "victor"], ["code", 5667], ["created_at", 2016-10-17 20:56:06 UTC], ["updated_at", 2016-10-17 20:56:06 UTC]]
  [1m[35m (286.1ms)[0m  [1m[35mCOMMIT[0m
  [1m[35m (0.3ms)[0m  [1m[35mBEGIN[0m
  [1m[35mSQL (0.8ms)[0m  [1m[32mINSERT INTO "users" ("name", "code", "created_at", "updated_at") VALUES ($1, $2, $3, $4) RETURNING "id"[0m  [["name", "yuri"], ["code", 2504], ["created_at", 2016-10-17 20:56:07 UTC], ["updated_at", 2016-10-17 20:56:07 UTC]]
  [1m[35m (24.8ms)[0m  [1m[35mCOMMIT[0m
  [1m[35m (0.4ms)[0m  [1m[35mBEGIN[0m
  [1m[35mSQL (1.2ms)[0m  [1m[32mINSERT INTO "users" ("name", "code", "created_at", "updated_at") VALUES ($1, $2, $3, $4) RETURNING "id"[0m  [["name", "victoria"], ["code", 4476], ["created_at", 2016-10-17 20:56:08 UTC], ["updated_at", 2016-10-17 20:56:08 UTC]]
  [1m[35m (26.1ms)[0m  [1m[35mCOMMIT[0m
  [1m[35m (0.4ms)[0m  [1m[35mBEGIN[0m
  [1m[35mSQL (1.1ms)[0m  [1m[32mINSERT INTO "users" ("name", "code", "created_at", "updated_at") VALUES ($1, $2, $3, $4) RETURNING "id"[0m  [["name", "gracielen"], ["code", 768], ["created_at", 2016-10-17 20:56:08 UTC], ["updated_at", 2016-10-17 20:56:08 UTC]]
  [1m[35m (26.4ms)[0m  [1m[35mCOMMIT[0m
  [1m[35m (0.4ms)[0m  [1m[35mBEGIN[0m
  [1m[35mSQL (1.0ms)[0m  [1m[32mINSERT INTO "users" ("name", "code", "created_at", "updated_at") VALUES ($1, $2, $3, $4) RETURNING "id"[0m  [["name", "lois"], ["code", 613], ["created_at", 2016-10-17 20:56:09 UTC], ["updated_at", 2016-10-17 20:56:09 UTC]]
  [1m[35m (19.9ms)[0m  [1m[35mCOMMIT[0m
  [1m[35m (0.5ms)[0m  [1m[35mBEGIN[0m
  [1m[35mSQL (1.1ms)[0m  [1m[32mINSERT INTO "users" ("name", "code", "created_at", "updated_at") VALUES ($1, $2, $3, $4) RETURNING "id"[0m  [["name", "ediane"], ["code", 2561], ["created_at", 2016-10-17 20:56:10 UTC], ["updated_at", 2016-10-17 20:56:10 UTC]]
  [1m[35m (16.4ms)[0m  [1m[35mCOMMIT[0m
  [1m[35m (0.4ms)[0m  [1m[35mBEGIN[0m
  [1m[35mSQL (0.7ms)[0m  [1m[32mINSERT INTO "users" ("name", "code", "created_at", "updated_at") VALUES ($1, $2, $3, $4) RETURNING "id"[0m  [["name", "louis"], ["code", 2527], ["created_at", 2016-10-17 20:56:10 UTC], ["updated_at", 2016-10-17 20:56:10 UTC]]
  [1m[35m (24.6ms)[0m  [1m[35mCOMMIT[0m
  [1m[35m (0.4ms)[0m  [1m[35mBEGIN[0m
  [1m[35mSQL (1.2ms)[0m  [1m[32mINSERT INTO "users" ("name", "code", "created_at", "updated_at") VALUES ($1, $2, $3, $4) RETURNING "id"[0m  [["name", "aino"], ["code", 5616], ["created_at", 2016-10-17 20:56:11 UTC], ["updated_at", 2016-10-17 20:56:11 UTC]]
  [1m[35m (25.4ms)[0m  [1m[35mCOMMIT[0m
  [1m[35m (0.5ms)[0m  [1m[35mBEGIN[0m
  [1m[35mSQL (1.1ms)[0m  [1m[32mINSERT INTO "users" ("name", "code", "created_at", "updated_at") VALUES ($1, $2, $3, $4) RETURNING "id"[0m  [["name", "danielle"], ["code", 4266], ["created_at", 2016-10-17 20:56:11 UTC], ["updated_at", 2016-10-17 20:56:11 UTC]]
  [1m[35m (24.2ms)[0m  [1m[35mCOMMIT[0m
  [1m[35m (0.5ms)[0m  [1m[35mBEGIN[0m
  [1m[35mSQL (1.1ms)[0m  [1m[32mINSERT INTO "users" ("name", "code", "created_at", "updated_at") VALUES ($1, $2, $3, $4) RETURNING "id"[0m  [["name", "annabelle"], ["code", 5322], ["created_at", 2016-10-17 20:56:17 UTC], ["updated_at", 2016-10-17 20:56:17 UTC]]
  [1m[35m (61.4ms)[0m  [1m[35mCOMMIT[0m
  [1m[35m (0.3ms)[0m  [1m[35mBEGIN[0m
  [1m[35mSQL (0.8ms)[0m  [1m[32mINSERT INTO "users" ("name", "code", "created_at", "updated_at") VALUES ($1, $2, $3, $4) RETURNING "id"[0m  [["name", "olivia"], ["code", 1089], ["created_at", 2016-10-17 20:56:18 UTC], ["updated_at", 2016-10-17 20:56:18 UTC]]
  [1m[35m (25.8ms)[0m  [1m[35mCOMMIT[0m
  [1m[35m (0.4ms)[0m  [1m[35mBEGIN[0m
  [1m[35mSQL (1.2ms)[0m  [1m[32mINSERT INTO "users" ("name", "code", "created_at", "updated_at") VALUES ($1, $2, $3, $4) RETURNING "id"[0m  [["name", "barbara"], ["code", 175], ["created_at", 2016-10-17 20:56:18 UTC], ["updated_at", 2016-10-17 20:56:18 UTC]]
  [1m[35m (23.4ms)[0m  [1m[35mCOMMIT[0m
  [1m[35m (0.4ms)[0m  [1m[35mBEGIN[0m
  [1m[35mSQL (1.1ms)[0m  [1m[32mINSERT INTO "users" ("name", "code", "created_at", "updated_at") VALUES ($1, $2, $3, $4) RETURNING "id"[0m  [["name", "pihla"], ["code", 3299], ["created_at", 2016-10-17 20:56:19 UTC], ["updated_at", 2016-10-17 20:56:19 UTC]]
  [1m[35m (24.6ms)[0m  [1m[35mCOMMIT[0m
  [1m[35m (0.4ms)[0m  [1m[35mBEGIN[0m
  [1m[35mSQL (1.1ms)[0m  [1m[32mINSERT INTO "users" ("name", "code", "created_at", "updated_at") VALUES ($1, $2, $3, $4) RETURNING "id"[0m  [["name", "isabel"], ["code", 4753], ["created_at", 2016-10-17 20:56:19 UTC], ["updated_at", 2016-10-17 20:56:19 UTC]]
  [1m[35m (25.2ms)[0m  [1m[35mCOMMIT[0m
  [1m[35m (0.4ms)[0m  [1m[35mBEGIN[0m
  [1m[35mSQL (1.1ms)[0m  [1m[32mINSERT INTO "users" ("name", "code", "created_at", "updated_at") VALUES ($1, $2, $3, $4) RETURNING "id"[0m  [["name", "jayden"], ["code", 3328], ["created_at", 2016-10-17 20:56:20 UTC], ["updated_at", 2016-10-17 20:56:20 UTC]]
  [1m[35m (25.8ms)[0m  [1m[35mCOMMIT[0m
  [1m[35m (0.4ms)[0m  [1m[35mBEGIN[0m
  [1m[35mSQL (1.1ms)[0m  [1m[32mINSERT INTO "users" ("name", "code", "created_at", "updated_at") VALUES ($1, $2, $3, $4) RETURNING "id"[0m  [["name", "عسل"], ["code", 2117], ["created_at", 2016-10-17 20:56:21 UTC], ["updated_at", 2016-10-17 20:56:21 UTC]]
  [1m[35m (14.9ms)[0m  [1m[35mCOMMIT[0m
  [1m[35m (0.4ms)[0m  [1m[35mBEGIN[0m
  [1m[35mSQL (1.1ms)[0m  [1m[32mINSERT INTO "users" ("name", "code", "created_at", "updated_at") VALUES ($1, $2, $3, $4) RETURNING "id"[0m  [["name", "phoebe"], ["code", 4415], ["created_at", 2016-10-17 20:56:23 UTC], ["updated_at", 2016-10-17 20:56:23 UTC]]
  [1m[35m (21.0ms)[0m  [1m[35mCOMMIT[0m
  [1m[35m (0.2ms)[0m  [1m[35mBEGIN[0m
  [1m[35mSQL (0.8ms)[0m  [1m[32mINSERT INTO "users" ("name", "code", "created_at", "updated_at") VALUES ($1, $2, $3, $4) RETURNING "id"[0m  [["name", "randall"], ["code", 1402], ["created_at", 2016-10-17 20:56:24 UTC], ["updated_at", 2016-10-17 20:56:24 UTC]]
  [1m[35m (26.2ms)[0m  [1m[35mCOMMIT[0m
  [1m[35m (0.4ms)[0m  [1m[35mBEGIN[0m
  [1m[35mSQL (1.1ms)[0m  [1m[32mINSERT INTO "users" ("name", "code", "created_at", "updated_at") VALUES ($1, $2, $3, $4) RETURNING "id"[0m  [["name", "rose"], ["code", 4330], ["created_at", 2016-10-17 20:56:24 UTC], ["updated_at", 2016-10-17 20:56:24 UTC]]
  [1m[35m (20.6ms)[0m  [1m[35mCOMMIT[0m
